ERROR - 2025-04-22 12:30:23 --> Error connecting to the database: mysqli_sql_exception: Access denied for user ''@'localhost' (using password: YES) in D:\laragon\www\website_HaloJeremi\system\Database\MySQLi\Connection.php:201
Stack trace:
#0 D:\laragon\www\website_HaloJeremi\system\Database\MySQLi\Connection.php(201): mysqli->real_connect('localhost', '', Object(SensitiveParameterValue), '', 3306, '', 0)
#1 D:\laragon\www\website_HaloJeremi\system\Database\BaseConnection.php(421): CodeIgniter\Database\MySQLi\Connection->connect(false)
#2 D:\laragon\www\website_HaloJeremi\system\Database\BaseConnection.php(620): CodeIgniter\Database\BaseConnection->initialize()
#3 D:\laragon\www\website_HaloJeremi\system\Database\BaseConnection.php(1525): CodeIgniter\Database\BaseConnection->query('SHOW TABLES FRO...')
#4 D:\laragon\www\website_HaloJeremi\system\Database\BaseConnection.php(1545): CodeIgniter\Database\BaseConnection->listTables()
#5 D:\laragon\www\website_HaloJeremi\system\Database\MigrationRunner.php(758): CodeIgniter\Database\BaseConnection->tableExists('migrations')
#6 D:\laragon\www\website_HaloJeremi\system\Database\MigrationRunner.php(162): CodeIgniter\Database\MigrationRunner->ensureTable()
#7 D:\laragon\www\website_HaloJeremi\system\Commands\Database\Migrate.php(85): CodeIgniter\Database\MigrationRunner->latest(NULL)
#8 D:\laragon\www\website_HaloJeremi\system\CLI\Commands.php(70): CodeIgniter\Commands\Database\Migrate->run(Array)
#9 D:\laragon\www\website_HaloJeremi\system\CLI\Console.php(48): CodeIgniter\CLI\Commands->run('migrate', Array)
#10 D:\laragon\www\website_HaloJeremi\system\Boot.php(360): CodeIgniter\CLI\Console->run()
#11 D:\laragon\www\website_HaloJeremi\system\Boot.php(104): CodeIgniter\Boot::runCommand(Object(CodeIgniter\CLI\Console))
#12 D:\laragon\www\website_HaloJeremi\spark(84): CodeIgniter\Boot::bootSpark(Object(Config\Paths))
#13 {main}

Next CodeIgniter\Database\Exceptions\DatabaseException: Access denied for user ''@'localhost' (using password: YES) in D:\laragon\www\website_HaloJeremi\system\Database\MySQLi\Connection.php:246
Stack trace:
#0 D:\laragon\www\website_HaloJeremi\system\Database\BaseConnection.php(421): CodeIgniter\Database\MySQLi\Connection->connect(false)
#1 D:\laragon\www\website_HaloJeremi\system\Database\BaseConnection.php(620): CodeIgniter\Database\BaseConnection->initialize()
#2 D:\laragon\www\website_HaloJeremi\system\Database\BaseConnection.php(1525): CodeIgniter\Database\BaseConnection->query('SHOW TABLES FRO...')
#3 D:\laragon\www\website_HaloJeremi\system\Database\BaseConnection.php(1545): CodeIgniter\Database\BaseConnection->listTables()
#4 D:\laragon\www\website_HaloJeremi\system\Database\MigrationRunner.php(758): CodeIgniter\Database\BaseConnection->tableExists('migrations')
#5 D:\laragon\www\website_HaloJeremi\system\Database\MigrationRunner.php(162): CodeIgniter\Database\MigrationRunner->ensureTable()
#6 D:\laragon\www\website_HaloJeremi\system\Commands\Database\Migrate.php(85): CodeIgniter\Database\MigrationRunner->latest(NULL)
#7 D:\laragon\www\website_HaloJeremi\system\CLI\Commands.php(70): CodeIgniter\Commands\Database\Migrate->run(Array)
#8 D:\laragon\www\website_HaloJeremi\system\CLI\Console.php(48): CodeIgniter\CLI\Commands->run('migrate', Array)
#9 D:\laragon\www\website_HaloJeremi\system\Boot.php(360): CodeIgniter\CLI\Console->run()
#10 D:\laragon\www\website_HaloJeremi\system\Boot.php(104): CodeIgniter\Boot::runCommand(Object(CodeIgniter\CLI\Console))
#11 D:\laragon\www\website_HaloJeremi\spark(84): CodeIgniter\Boot::bootSpark(Object(Config\Paths))
#12 {main}
CRITICAL - 2025-04-22 13:43:36 --> Error: Class "App\Models\BlogModel" not found
[Method: GET, Route: admin-blog]
in APPPATH\Controllers\AdminBlog.php on line 11.
 1 SYSTEMPATH\CodeIgniter.php(933): App\Controllers\AdminBlog->index()
 2 SYSTEMPATH\CodeIgniter.php(507): CodeIgniter\CodeIgniter->runController(Object(App\Controllers\AdminBlog))
 3 SYSTEMPATH\CodeIgniter.php(354): CodeIgniter\CodeIgniter->handleRequest(null, Object(Config\Cache), false)
 4 SYSTEMPATH\Boot.php(334): CodeIgniter\CodeIgniter->run()
 5 SYSTEMPATH\Boot.php(67): CodeIgniter\Boot::runCodeIgniter(Object(CodeIgniter\CodeIgniter))
 6 FCPATH\index.php(56): CodeIgniter\Boot::bootWeb(Object(Config\Paths))
CRITICAL - 2025-04-22 15:48:26 --> ArgumentCountError: Too few arguments to function App\Controllers\Home::blogDetail(), 0 passed in D:\xampp\htdocs\website_HaloJeremi\system\CodeIgniter.php on line 933 and exactly 1 expected
[Method: GET, Route: blog-detail]
in APPPATH\Controllers\Home.php on line 35.
 1 SYSTEMPATH\CodeIgniter.php(933): App\Controllers\Home->blogDetail()
 2 SYSTEMPATH\CodeIgniter.php(507): CodeIgniter\CodeIgniter->runController(Object(App\Controllers\Home))
 3 SYSTEMPATH\CodeIgniter.php(354): CodeIgniter\CodeIgniter->handleRequest(null, Object(Config\Cache), false)
 4 SYSTEMPATH\Boot.php(334): CodeIgniter\CodeIgniter->run()
 5 SYSTEMPATH\Boot.php(67): CodeIgniter\Boot::runCodeIgniter(Object(CodeIgniter\CodeIgniter))
 6 FCPATH\index.php(56): CodeIgniter\Boot::bootWeb(Object(Config\Paths))
 7 SYSTEMPATH\rewrite.php(44): require_once('D:\\xampp\\htdocs\\website_HaloJeremi\\public\\index.php')
CRITICAL - 2025-04-22 15:48:37 --> ArgumentCountError: Too few arguments to function App\Controllers\Home::blogDetail(), 0 passed in D:\xampp\htdocs\website_HaloJeremi\system\CodeIgniter.php on line 933 and exactly 1 expected
[Method: GET, Route: blog-detail]
in APPPATH\Controllers\Home.php on line 35.
 1 SYSTEMPATH\CodeIgniter.php(933): App\Controllers\Home->blogDetail()
 2 SYSTEMPATH\CodeIgniter.php(507): CodeIgniter\CodeIgniter->runController(Object(App\Controllers\Home))
 3 SYSTEMPATH\CodeIgniter.php(354): CodeIgniter\CodeIgniter->handleRequest(null, Object(Config\Cache), false)
 4 SYSTEMPATH\Boot.php(334): CodeIgniter\CodeIgniter->run()
 5 SYSTEMPATH\Boot.php(67): CodeIgniter\Boot::runCodeIgniter(Object(CodeIgniter\CodeIgniter))
 6 FCPATH\index.php(56): CodeIgniter\Boot::bootWeb(Object(Config\Paths))
 7 SYSTEMPATH\rewrite.php(44): require_once('D:\\xampp\\htdocs\\website_HaloJeremi\\public\\index.php')
